<?xml version="1.0" encoding="UTF-8"?>
<!-- Generated by org.testng.reporters.JUnitXMLReporter -->
<testsuite hostname="LAPTOP-70BEO6KF" ignored="2" name="Surefire test" tests="9" failures="0" timestamp="2020-03-25T17:51:36 GMT" time="407.993" errors="0">
  <testcase name="guestUserShouldBeAbleToAddCommentsSuccessfully" time="26.531" classname="NopTestNG.TestSuit"/>
  <testcase name="guestUserShouldBeAbleToCheckOutSuccessfully" time="138.34" classname="NopTestNG.TestSuit"/>
  <testcase name="nonRegisteredUserShouldNotBeAbleToReferProductToAFriend" time="47.437" classname="NopTestNG.TestSuit"/>
  <testcase name="registeredUserShouldBeAbleToReferProductToAFriend" time="73.921" classname="NopTestNG.TestSuit"/>
  <testcase name="userShouldAbletoRegisterSuccessfully" time="44.182" classname="NopTestNG.TestSuit"/>
  <testcase name="userShouldBeAbleToChangeCurrencySuccessfully" time="12.7" classname="NopTestNG.TestSuit"/>
  <testcase name="userShouldBeAbleToCompareTwoProductSuccessfully" time="30.464" classname="NopTestNG.TestSuit"/>
  <testcase name="userShouldBeAbleToSortPriceHighToLow" time="13.595" classname="NopTestNG.TestSuit"/>
  <testcase name="userShouldBeAbleToVerifyAddToCartButtonIsPresentSuccessfully" time="13.601" classname="NopTestNG.TestSuit"/>
  <testcase name="@AfterTest tearDown" time="0.0" classname="NopTestNG.BaseTest">
    <ignored/>
  </testcase> <!-- @AfterTest tearDown -->
  <testcase name="@BeforeTest setUp" time="0.0" classname="NopTestNG.BaseTest">
    <ignored/>
  </testcase> <!-- @BeforeTest setUp -->
</testsuite> <!-- Surefire test -->
